0 info it worked if it ends with ok
1 verbose cli [ 'C:\\Program Files\\nodejs\\node.exe',
1 verbose cli   'C:\\Users\\Jorge\\Desktop\\PL\\estudiar-las-rutas-en-expressjs-airam-jorge\\node_modules\\npm\\bin\\npm-cli.js',
1 verbose cli   'run',
1 verbose cli   'serve-temporal' ]
2 info using npm@3.7.5
3 info using node@v6.9.5
4 verbose run-script [ 'preserve-temporal', 'serve-temporal', 'postserve-temporal' ]
5 info lifecycle ejemplos@1.0.0~preserve-temporal: ejemplos@1.0.0
6 silly lifecycle ejemplos@1.0.0~preserve-temporal: no script for preserve-temporal, continuing
7 info lifecycle ejemplos@1.0.0~serve-temporal: ejemplos@1.0.0
8 verbose lifecycle ejemplos@1.0.0~serve-temporal: unsafe-perm in lifecycle true
9 verbose lifecycle ejemplos@1.0.0~serve-temporal: PATH: C:\Users\Jorge\Desktop\PL\estudiar-las-rutas-en-expressjs-airam-jorge\node_modules\npm\bin\node-gyp-bin;C:\Users\Jorge\Desktop\PL\estudiar-las-rutas-en-expressjs-airam-jorge\node_modules\.bin;C:\Program Files\nodejs;C:\Users\Jorge\Desktop\PL\estudiar-las-rutas-en-expressjs-airam-jorge\node_modules\.bin;C:\ProgramData\Oracle\Java\javapath;C:\Windows\system32;C:\Windows;C:\Windows\System32\Wbem;C:\Windows\System32\WindowsPowerShell\v1.0\;C:\Windows\system32\config\systemprofile\.dnx\bin;C:\Program Files\Microsoft DNX\Dnvm\;C:\Program Files (x86)\Windows Kits\8.1\Windows Performance Toolkit\;C:\Program Files\Microsoft SQL Server\130\Tools\Binn\;C:\Program Files (x86)\Microsoft Emulator Manager\1.0\;C:\Program Files (x86)\Java\jdk1.7.0_55\bin;C:\Program Files\Git\cmd;C:\Program Files\Git\mingw64\bin;C:\Program Files\nodejs\;C:\Program Files\Java\jdk1.8.0_121\bin;C:\Program Files\CLIPS;C:\mingw-w64\x86_64-6.3.0-posix-seh-rt_v5-rev1\mingw64\bin;C:\Program Files (x86)\Graphviz2.38\bin;C:\Users\Jorge\AppData\Local\Microsoft\WindowsApps;C:\Users\Jorge\AppData\Roaming\npm;C:\Users\Jorge\AppData\Local\GitHubCLI\bin;C:\Users\Jorge\AppData\Local\atom\bin;C:\Program Files\Heroku\bin
10 verbose lifecycle ejemplos@1.0.0~serve-temporal: CWD: C:\Users\Jorge\Desktop\PL\estudiar-las-rutas-en-expressjs-airam-jorge
11 silly lifecycle ejemplos@1.0.0~serve-temporal: Args: [ '/d /s /c', 'node index.js' ]
12 silly lifecycle ejemplos@1.0.0~serve-temporal: Returned: code: 1  signal: null
13 info lifecycle ejemplos@1.0.0~serve-temporal: Failed to exec serve-temporal script
14 verbose stack Error: ejemplos@1.0.0 serve-temporal: `node index.js`
14 verbose stack Exit status 1
14 verbose stack     at EventEmitter.<anonymous> (C:\Users\Jorge\Desktop\PL\estudiar-las-rutas-en-expressjs-airam-jorge\node_modules\npm\lib\utils\lifecycle.js:239:16)
14 verbose stack     at emitTwo (events.js:106:13)
14 verbose stack     at EventEmitter.emit (events.js:191:7)
14 verbose stack     at ChildProcess.<anonymous> (C:\Users\Jorge\Desktop\PL\estudiar-las-rutas-en-expressjs-airam-jorge\node_modules\npm\lib\utils\spawn.js:24:14)
14 verbose stack     at emitTwo (events.js:106:13)
14 verbose stack     at ChildProcess.emit (events.js:191:7)
14 verbose stack     at maybeClose (internal/child_process.js:877:16)
14 verbose stack     at Process.ChildProcess._handle.onexit (internal/child_process.js:226:5)
15 verbose pkgid ejemplos@1.0.0
16 verbose cwd C:\Users\Jorge\Desktop\PL\estudiar-las-rutas-en-expressjs-airam-jorge
17 error Windows_NT 10.0.14393
18 error argv "C:\\Program Files\\nodejs\\node.exe" "C:\\Users\\Jorge\\Desktop\\PL\\estudiar-las-rutas-en-expressjs-airam-jorge\\node_modules\\npm\\bin\\npm-cli.js" "run" "serve-temporal"
19 error node v6.9.5
20 error npm  v3.7.5
21 error code ELIFECYCLE
22 error ejemplos@1.0.0 serve-temporal: `node index.js`
22 error Exit status 1
23 error Failed at the ejemplos@1.0.0 serve-temporal script 'node index.js'.
23 error Make sure you have the latest version of node.js and npm installed.
23 error If you do, this is most likely a problem with the ejemplos package,
23 error not with npm itself.
23 error Tell the author that this fails on your system:
23 error     node index.js
23 error You can get information on how to open an issue for this project with:
23 error     npm bugs ejemplos
23 error Or if that isn't available, you can get their info via:
23 error     npm owner ls ejemplos
23 error There is likely additional logging output above.
24 verbose exit [ 1, true ]
